#
# There is insufficient memory for the Java Runtime Environment to continue.
# Native memory allocation (mmap) failed to map 125829120 bytes. Error detail: G1 virtual space
# Possible reasons:
#   The system is out of physical RAM or swap space
#   This process is running with CompressedOops enabled, and the Java Heap may be blocking the growth of the native heap
# Possible solutions:
#   Reduce memory load on the system
#   Increase physical memory or swap space
#   Check if swap backing store is full
#   Decrease Java heap size (-Xmx/-Xms)
#   Decrease number of Java threads
#   Decrease Java thread stack sizes (-Xss)
#   Set larger code cache with -XX:ReservedCodeCacheSize=
#   JVM is running with Unscaled Compressed Oops mode in which the Java heap is
#     placed in the first 4GB address space. The Java Heap base address is the
#     maximum limit for the native heap growth. Please use -XX:HeapBaseMinAddress
#     to set the Java Heap base and to place the Java Heap above 4GB virtual address.
# This output file may be truncated or incomplete.
#
#  Out of Memory Error (os_windows.cpp:3898), pid=38424, tid=37152
#
# JRE version:  (21.0.6+9) (build )
# Java VM: OpenJDK 64-Bit Server VM (21.0.6+9-b895.109, mixed mode, sharing, tiered, compressed oops, compressed class ptrs, g1 gc, windows-amd64)
# No core dump will be written. Minidumps are not enabled by default on client versions of Windows
#

---------------  S U M M A R Y ------------

Command Line: git4idea.http.GitAskPassApp Username for 'https://github.com': 

Host: AMD Ryzen 5 5500U with Radeon Graphics         , 12 cores, 7G,  Windows 11 , 64 bit Build 22621 (10.0.22621.4974)
Time: Tue Sep 30 12:15:06 2025 Sri Lanka Standard Time elapsed time: 0.019332 seconds (0d 0h 0m 0s)

---------------  T H R E A D  ---------------

Current thread (0x0000025e92c73b10):  JavaThread "Unknown thread" [_thread_in_vm, id=37152, stack(0x000000eb0bf00000,0x000000eb0c000000) (1024K)]

Stack: [0x000000eb0bf00000,0x000000eb0c000000]
Native frames: (J=compiled Java code, j=interpreted, Vv=VM code, C=native code)
V  [jvm.dll+0x6e5cb9]
V  [jvm.dll+0x8c4113]
V  [jvm.dll+0x8c666e]
V  [jvm.dll+0x8c6d53]
V  [jvm.dll+0x288f76]
V  [jvm.dll+0x6e2575]
V  [jvm.dll+0x6d602a]
V  [jvm.dll+0x3635db]
V  [jvm.dll+0x36b1a6]
V  [jvm.dll+0x3bd4f6]
V  [jvm.dll+0x3bd7c8]
V  [jvm.dll+0x335d2c]
V  [jvm.dll+0x336a1b]
V  [jvm.dll+0x88b569]
V  [jvm.dll+0x3ca6c8]
V  [jvm.dll+0x8745b8]
V  [jvm.dll+0x45f0de]
V  [jvm.dll+0x460dc1]
C  [jli.dll+0x52ab]
C  [ucrtbase.dll+0x29333]
C  [KERNEL32.DLL+0x1259d]
C  [ntdll.dll+0x5af38]


---------------  P R O C E S S  ---------------

Threads class SMR info:
_java_thread_list=0x00007ffd9899a148, length=0, elements={
}

Java Threads: ( => current thread )
Total: 0

Other Threads:
  0x0000025e9515f160 WorkerThread "GC Thread#0"                     [id=35948, stack(0x000000eb0c000000,0x000000eb0c100000) (1024K)]
  0x0000025e95170380 ConcurrentGCThread "G1 Main Marker"            [id=38528, stack(0x000000eb0c100000,0x000000eb0c200000) (1024K)]
  0x0000025e95170e80 WorkerThread "G1 Conc#0"                       [id=11624, stack(0x000000eb0c200000,0x000000eb0c300000) (1024K)]

[error occurred during error reporting (printing all threads), id 0xc0000005, EXCEPTION_ACCESS_VIOLATION (0xc0000005) at pc=0x00007ffd98088e07]
VM state: not at safepoint (not fully initialized)

VM Mutex/Monitor currently owned by a thread:  ([mutex/lock_event])
[0x00007ffd98a0eb30] Heap_lock - owner thread: 0x0000025e92c73b10

Heap address: 0x0000000089c00000, size: 1892 MB, Compressed Oops mode: 32-bit

CDS archive(s) mapped at: [0x0000000000000000-0x0000000000000000-0x0000000000000000), size 0, SharedBaseAddress: 0x0000000800000000, ArchiveRelocationMode: 1.
Narrow klass base: 0x0000000000000000, Narrow klass shift: 0, Narrow klass range: 0x0

GC Precious Log:
 CardTable entry size: 512
 Card Set container configuration: InlinePtr #cards 5 size 8 Array Of Cards #cards 12 size 40 Howl #buckets 4 coarsen threshold 1843 Howl Bitmap #cards 512 size 80 coarsen threshold 460 Card regions per heap region 1 cards per card region 2048

Heap:
 garbage-first heap   total 0K, used 0K [0x0000000089c00000, 0x0000000100000000)
  region size 1024K, 0 young (0K), 0 survivors (0K)
 Metaspace       used 0K, committed 0K, reserved 0K
  class space    used 0K, committed 0K, reserved 0K

Heap Regions: E=young(eden), S=young(survivor), O=old, HS=humongous(starts), HC=humongous(continues), CS=collection set, F=free, TAMS=top-at-mark-start, PB=parsable bottom

Card table byte_map: [0x0000025ea8a60000,0x0000025ea8e20000] _byte_map_base: 0x0000025ea8612000

Marking Bits: (CMBitMap*) 0x0000025e95160c70
 Bits: [0x0000025ea8e20000, 0x0000025eaabb0000)

GC Heap History (0 events):
No events

Dll operation events (1 events):
Event: 0.011 Loaded shared library C:\Program Files\JetBrains\IntelliJ IDEA Community Edition 2025.1.1.1\jbr\bin\java.dll

Deoptimization events (0 events):
No events

Classes loaded (0 events):
No events

Classes unloaded (0 events):
No events

Classes redefined (0 events):
No events

Internal exceptions (0 events):
No events

ZGC Phase Switch (0 events):
No events

VM Operations (0 events):
No events

Memory protections (0 events):
No events

Nmethod flushes (0 events):
No events

Events (0 events):
No events


Dynamic libraries:
0x00007ff6659b0000 - 0x00007ff6659ba000 	C:\Program Files\JetBrains\IntelliJ IDEA Community Edition 2025.1.1.1\jbr\bin\java.exe
0x00007ffe21330000 - 0x00007ffe21547000 	C:\WINDOWS\SYSTEM32\ntdll.dll
0x00007ffe20c40000 - 0x00007ffe20d04000 	C:\WINDOWS\System32\KERNEL32.DLL
0x00007ffe1e990000 - 0x00007ffe1ed61000 	C:\WINDOWS\System32\KERNELBASE.dll
0x00007ffe1ed70000 - 0x00007ffe1ee81000 	C:\WINDOWS\System32\ucrtbase.dll
0x00007ffdf8060000 - 0x00007ffdf8078000 	C:\Program Files\JetBrains\IntelliJ IDEA Community Edition 2025.1.1.1\jbr\bin\jli.dll
0x00007ffe1aed0000 - 0x00007ffe1aeeb000 	C:\Program Files\JetBrains\IntelliJ IDEA Community Edition 2025.1.1.1\jbr\bin\VCRUNTIME140.dll
0x00007ffe1ff70000 - 0x00007ffe20121000 	C:\WINDOWS\System32\USER32.dll
0x00007ffe1ee90000 - 0x00007ffe1eeb6000 	C:\WINDOWS\System32\win32u.dll
0x00007ffe1fd30000 - 0x00007ffe1fd59000 	C:\WINDOWS\System32\GDI32.dll
0x00007ffe12d50000 - 0x00007ffe12fe2000 	C:\WINDOWS\WinSxS\amd64_microsoft.windows.common-controls_6595b64144ccf1df_6.0.22621.4830_none_270fe7d773858e80\COMCTL32.dll
0x00007ffe1e470000 - 0x00007ffe1e58b000 	C:\WINDOWS\System32\gdi32full.dll
0x00007ffe20a10000 - 0x00007ffe20ab7000 	C:\WINDOWS\System32\msvcrt.dll
0x00007ffe1e6d0000 - 0x00007ffe1e76a000 	C:\WINDOWS\System32\msvcp_win.dll
0x00007ffe20b20000 - 0x00007ffe20b51000 	C:\WINDOWS\System32\IMM32.DLL
0x00007ffe1aec0000 - 0x00007ffe1aecc000 	C:\Program Files\JetBrains\IntelliJ IDEA Community Edition 2025.1.1.1\jbr\bin\vcruntime140_1.dll
0x00007ffd99480000 - 0x00007ffd9950d000 	C:\Program Files\JetBrains\IntelliJ IDEA Community Edition 2025.1.1.1\jbr\bin\msvcp140.dll
0x00007ffd97d40000 - 0x00007ffd98b01000 	C:\Program Files\JetBrains\IntelliJ IDEA Community Edition 2025.1.1.1\jbr\bin\server\jvm.dll
0x00007ffe20740000 - 0x00007ffe207f1000 	C:\WINDOWS\System32\ADVAPI32.dll
0x00007ffe1fc80000 - 0x00007ffe1fd27000 	C:\WINDOWS\System32\sechost.dll
0x00007ffe1e8e0000 - 0x00007ffe1e908000 	C:\WINDOWS\System32\bcrypt.dll
0x00007ffe208e0000 - 0x00007ffe209f4000 	C:\WINDOWS\System32\RPCRT4.dll
0x00007ffe20b60000 - 0x00007ffe20bd1000 	C:\WINDOWS\System32\WS2_32.dll
0x00007ffe19520000 - 0x00007ffe19554000 	C:\WINDOWS\SYSTEM32\WINMM.dll
0x00007ffe1d2e0000 - 0x00007ffe1d32d000 	C:\WINDOWS\SYSTEM32\POWRPROF.dll
0x00007ffe1c0c0000 - 0x00007ffe1c0ca000 	C:\WINDOWS\SYSTEM32\VERSION.dll
0x00007ffe1d2c0000 - 0x00007ffe1d2d3000 	C:\WINDOWS\SYSTEM32\UMPDC.dll
0x00007ffe1d580000 - 0x00007ffe1d598000 	C:\WINDOWS\SYSTEM32\kernel.appcore.dll
0x00007ffe1aa40000 - 0x00007ffe1aa4a000 	C:\Program Files\JetBrains\IntelliJ IDEA Community Edition 2025.1.1.1\jbr\bin\jimage.dll
0x00007ffe1b470000 - 0x00007ffe1b6a2000 	C:\WINDOWS\SYSTEM32\DBGHELP.DLL
0x00007ffe203b0000 - 0x00007ffe20740000 	C:\WINDOWS\System32\combase.dll
0x00007ffe20800000 - 0x00007ffe208d7000 	C:\WINDOWS\System32\OLEAUT32.dll
0x00007ffe0b490000 - 0x00007ffe0b4c2000 	C:\WINDOWS\SYSTEM32\dbgcore.DLL
0x00007ffe1e650000 - 0x00007ffe1e6cb000 	C:\WINDOWS\System32\bcryptPrimitives.dll
0x00007ffe19850000 - 0x00007ffe19870000 	C:\Program Files\JetBrains\IntelliJ IDEA Community Edition 2025.1.1.1\jbr\bin\java.dll

dbghelp: loaded successfully - version: 4.0.5 - missing functions: none
symbol engine: initialized successfully - sym options: 0x614 - pdb path: .;C:\Program Files\JetBrains\IntelliJ IDEA Community Edition 2025.1.1.1\jbr\bin;C:\WINDOWS\SYSTEM32;C:\WINDOWS\WinSxS\amd64_microsoft.windows.common-controls_6595b64144ccf1df_6.0.22621.4830_none_270fe7d773858e80;C:\Program Files\JetBrains\IntelliJ IDEA Community Edition 2025.1.1.1\jbr\bin\server

VM Arguments:
java_command: git4idea.http.GitAskPassApp Username for 'https://github.com': 
java_class_path (initial): C:/Program Files/JetBrains/IntelliJ IDEA Community Edition 2025.1.1.1/plugins/vcs-git/lib/git4idea-rt.jar;C:/Program Files/JetBrains/IntelliJ IDEA Community Edition 2025.1.1.1/lib/externalProcess-rt.jar
Launcher Type: SUN_STANDARD

[Global flags]
     intx CICompilerCount                          = 4                                         {product} {ergonomic}
     uint ConcGCThreads                            = 3                                         {product} {ergonomic}
     uint G1ConcRefinementThreads                  = 10                                        {product} {ergonomic}
   size_t G1HeapRegionSize                         = 1048576                                   {product} {ergonomic}
    uintx GCDrainStackTargetSize                   = 64                                        {product} {ergonomic}
   size_t InitialHeapSize                          = 125829120                                 {product} {ergonomic}
   size_t MarkStackSize                            = 4194304                                   {product} {ergonomic}
   size_t MaxHeapSize                              = 1983905792                                {product} {ergonomic}
   size_t MinHeapDeltaBytes                        = 1048576                                   {product} {ergonomic}
   size_t MinHeapSize                              = 8388608                                   {product} {ergonomic}
    uintx NonNMethodCodeHeapSize                   = 5839372                                {pd product} {ergonomic}
    uintx NonProfiledCodeHeapSize                  = 122909434                              {pd product} {ergonomic}
    uintx ProfiledCodeHeapSize                     = 122909434                              {pd product} {ergonomic}
    uintx ReservedCodeCacheSize                    = 251658240                              {pd product} {ergonomic}
     bool SegmentedCodeCache                       = true                                      {product} {ergonomic}
   size_t SoftMaxHeapSize                          = 1983905792                             {manageable} {ergonomic}
     bool UseCompressedOops                        = true                           {product lp64_product} {ergonomic}
     bool UseG1GC                                  = true                                      {product} {ergonomic}
     bool UseLargePagesIndividualAllocation        = false                                  {pd product} {ergonomic}

Logging:
Log output configuration:
 #0: stdout all=warning uptime,level,tags foldmultilines=false
 #1: stderr all=off uptime,level,tags foldmultilines=false

Environment Variables:
JAVA_HOME=C:\Program Files\Java\jdk-17
PATH=C:\Program Files\Git\mingw64\libexec\git-core;C:\Program Files\Git\mingw64\libexec\git-core;C:\Program Files\Git\mingw64\bin;C:\Program Files\Git\usr\bin;C:\Users\USER\bin;C:\Program Files\Java\jdk-17\bin;C:\Program Files (x86)\dotnet;C:\Program Files (x86)\Measurement Computing\DAQ;C:\Program Files (x86)\NVIDIA Corporation\PhysX\Common;C:\WINDOWS\system32;C:\WINDOWS;C:\WINDOWS\System32\Wbem;C:\WINDOWS\System32\WindowsPowerShell\v1.0;C:\WINDOWS\System32\OpenSSH;C:\Program Files (x86)\dotnet;C:\Program Files (x86)\Windows Kits\8.1\Windows Performance Toolkit;C:\MinGW\bin;C:\Program Files (x86)\Windows Kits\10\Windows Performance Toolkit;C:\Program Files\MATLAB\R2023b\runtime\win64;C:\Program Files\MATLAB\R2023b\bin;C:\ProgramData\chocolatey\bin;C:\Program Files\MySQL\MySQL Server 8.0\bin;C:\Program Files (x86)\php;C:\Program Files (x86)\sqlite;C:\Program Files\Git\cmd;C:\Program Files\Git\usr\bin;C:\Program Files\Docker\Docker\resources\bin;C:\Program Files\dotnet;C:\Program Files\Apache\Maven\apache-maven-3.9.9\bin;C:\Program Files\nodejs;C:\Program Files\MySQL\MySQL Shell 8.0\bin;C:\Program Files\dotnet;C:\Program Files (x86)\dotnet;C:\Users\USER\AppData\Local\Programs\Python\Python311\Scripts;C:\Users\USER\AppData\Local\Programs\Python\Python311;C:\Users\USER\AppData\Local\Microsoft\WindowsApps;C:\Users\USER\AppData\Local\Programs\Microsoft VS Code\bin;C:\Program Files\JetBrains\PyCharm Community Edition 2023.1.2\bin;C:\Users\USER\.dotnet\tools;C:\Program Files\JetBrains\IntelliJ IDEA Community Edition 2025.1.1.1\bin;C:\Users\USER\AppData\Roaming\npm;C:\Users\USER\AppData\Local\GitHubDesktop\bin;C:\tools\dart-sdk\bin;C:\Users\USER\AppData\Local\Pub\Cache\bin;C:\flutter\bin
USERNAME=USER
DISPLAY=:0.0
LC_ALL=en_US.UTF-8
TERM=xterm-256color
TMPDIR=C:\Users\USER\AppData\Local\Temp
OS=Windows_NT
PROCESSOR_IDENTIFIER=AMD64 Family 23 Model 104 Stepping 1, AuthenticAMD
TMP=C:\Users\USER\AppData\Local\Temp
TEMP=C:\Users\USER\AppData\Local\Temp




Periodic native trim disabled

JNI global refs:
JNI global refs: 0, weak refs: 0

JNI global refs memory usage: 0, weak refs: 0

Process memory usage:
Resident Set Size: 11792K (0% of 7745428K total physical memory with 391404K free physical memory)

OOME stack traces (most recent first):
Classloader memory used:

---------------  S Y S T E M  ---------------

OS:
 Windows 11 , 64 bit Build 22621 (10.0.22621.4974)
OS uptime: 3 days 21:40 hours
Hyper-V role detected

CPU: total 12 (initial active 12) (12 cores per cpu, 2 threads per core) family 23 model 104 stepping 1 microcode 0x0, cx8, cmov, fxsr, ht, mmx, 3dnowpref, sse, sse2, sse3, ssse3, sse4a, sse4.1, sse4.2, popcnt, lzcnt, tsc, tscinvbit, avx, avx2, aes, clmul, bmi1, bmi2, adx, sha, fma, vzeroupper, clflush, clflushopt, hv, rdtscp, rdpid, f16c
Processor Information for processor 0
  Max Mhz: 2100, Current Mhz: 2100, Mhz Limit: 2100
Processor Information for processor 1
  Max Mhz: 2100, Current Mhz: 1988, Mhz Limit: 2100
Processor Information for processor 2
  Max Mhz: 2100, Current Mhz: 2100, Mhz Limit: 2100
Processor Information for processor 3
  Max Mhz: 2100, Current Mhz: 1988, Mhz Limit: 2100
Processor Information for processor 4
  Max Mhz: 2100, Current Mhz: 2100, Mhz Limit: 2100
Processor Information for processor 5
  Max Mhz: 2100, Current Mhz: 2100, Mhz Limit: 2100
Processor Information for processor 6
  Max Mhz: 2100, Current Mhz: 1988, Mhz Limit: 2100
Processor Information for processor 7
  Max Mhz: 2100, Current Mhz: 2100, Mhz Limit: 2100
Processor Information for processor 8
  Max Mhz: 2100, Current Mhz: 1988, Mhz Limit: 2100
Processor Information for processor 9
  Max Mhz: 2100, Current Mhz: 2100, Mhz Limit: 2100
Processor Information for processor 10
  Max Mhz: 2100, Current Mhz: 1988, Mhz Limit: 2100
Processor Information for processor 11
  Max Mhz: 2100, Current Mhz: 2100, Mhz Limit: 2100

Memory: 4k page, system-wide physical 7563M (382M free)
TotalPageFile size 31115M (AvailPageFile size 48M)
current process WorkingSet (physical memory assigned to process): 11M, peak: 11M
current process commit charge ("private bytes"): 64M, peak: 184M

vm_info: OpenJDK 64-Bit Server VM (21.0.6+9-b895.109) for windows-amd64 JRE (21.0.6+9-b895.109), built on 2025-03-26 by "builduser" with MS VC++ 16.10 / 16.11 (VS2019)

END.
